{
  "stats": {
    "suites": 14,
    "tests": 26,
    "passes": 24,
    "pending": 2,
    "failures": 0,
    "start": "2024-01-28T10:22:04.934Z",
    "end": "2024-01-28T10:22:05.037Z",
    "duration": 103,
    "testsRegistered": 26,
    "passPercent": 100,
    "pendingPercent": 7.6923076923076925,
    "other": 0,
    "hasOther": false,
    "skipped": 0,
    "hasSkipped": false
  },
  "results": [
    {
      "uuid": "4efa58c5-0ee2-4f3a-b886-55079dc28a0a",
      "title": "",
      "fullFile": "",
      "file": "",
      "beforeHooks": [],
      "afterHooks": [],
      "tests": [],
      "suites": [
        {
          "uuid": "05029448-7e6e-490d-b169-87171899d717",
          "title": "Task api",
          "fullFile": "/home/moksh/Desktop/Mocha-Chai-Sinon/test/api.js",
          "file": "/test/api.js",
          "beforeHooks": [],
          "afterHooks": [],
          "tests": [
            {
              "title": "get user",
              "fullTitle": "Task api get user",
              "timedOut": false,
              "duration": 24,
              "state": "passed",
              "speed": "fast",
              "pass": true,
              "fail": false,
              "pending": false,
              "context": null,
              "code": "chai.request(server)\n    .get('/user')\n    .end((err, response)=> {\n    expect(response.status).to.be.equal(200)\n    // expect(response.body).to.have.all.keys('statusText','data')\n    done()\n})",
              "err": {},
              "uuid": "2d173ba9-d69f-4d87-9c7b-1a2728e7bbb0",
              "parentUUID": "05029448-7e6e-490d-b169-87171899d717",
              "isHook": false,
              "skipped": false
            }
          ],
          "suites": [],
          "passes": [
            "2d173ba9-d69f-4d87-9c7b-1a2728e7bbb0"
          ],
          "failures": [],
          "pending": [],
          "skipped": [],
          "duration": 24,
          "root": false,
          "rootEmpty": false,
          "_timeout": 2000
        },
        {
          "uuid": "99ee5bb6-3d9b-4d79-a320-fce8ab02ccb5",
          "title": "Assert check",
          "fullFile": "/home/moksh/Desktop/Mocha-Chai-Sinon/test/chaiTest.js",
          "file": "/test/chaiTest.js",
          "beforeHooks": [],
          "afterHooks": [],
          "tests": [
            {
              "title": "check string",
              "fullTitle": "Assert check check string",
              "timedOut": false,
              "duration": 0,
              "state": "passed",
              "speed": "fast",
              "pass": true,
              "fail": false,
              "pending": false,
              "context": null,
              "code": "assert.typeOf(userName, 'string');",
              "err": {},
              "uuid": "71fd229c-6c5d-4bea-bf57-e634dbdb2edf",
              "parentUUID": "99ee5bb6-3d9b-4d79-a320-fce8ab02ccb5",
              "isHook": false,
              "skipped": false
            },
            {
              "title": "Equal match",
              "fullTitle": "Assert check Equal match",
              "timedOut": false,
              "duration": 0,
              "state": "passed",
              "speed": "fast",
              "pass": true,
              "fail": false,
              "pending": false,
              "context": null,
              "code": "assert.equal(userName, \"Moksh45\");",
              "err": {},
              "uuid": "8ef13b0c-b664-485f-8a89-7200a9ef8dc8",
              "parentUUID": "99ee5bb6-3d9b-4d79-a320-fce8ab02ccb5",
              "isHook": false,
              "skipped": false
            },
            {
              "title": "lenght match",
              "fullTitle": "Assert check lenght match",
              "timedOut": false,
              "duration": 1,
              "state": "passed",
              "speed": "fast",
              "pass": true,
              "fail": false,
              "pending": false,
              "context": null,
              "code": "assert.lengthOf(mylist.item, 1)",
              "err": {},
              "uuid": "0760897e-3e84-42c7-a4a6-442694ded6ac",
              "parentUUID": "99ee5bb6-3d9b-4d79-a320-fce8ab02ccb5",
              "isHook": false,
              "skipped": false
            }
          ],
          "suites": [],
          "passes": [
            "71fd229c-6c5d-4bea-bf57-e634dbdb2edf",
            "8ef13b0c-b664-485f-8a89-7200a9ef8dc8",
            "0760897e-3e84-42c7-a4a6-442694ded6ac"
          ],
          "failures": [],
          "pending": [],
          "skipped": [],
          "duration": 1,
          "root": false,
          "rootEmpty": false,
          "_timeout": 2000
        },
        {
          "uuid": "88fadc22-082a-4c3a-a176-c1006b603669",
          "title": "Should check",
          "fullFile": "/home/moksh/Desktop/Mocha-Chai-Sinon/test/chaiTest.js",
          "file": "/test/chaiTest.js",
          "beforeHooks": [],
          "afterHooks": [],
          "tests": [
            {
              "title": "check string",
              "fullTitle": "Should check check string",
              "timedOut": false,
              "duration": 1,
              "state": "passed",
              "speed": "fast",
              "pass": true,
              "fail": false,
              "pending": false,
              "context": null,
              "code": "userName.should.be.a('string');",
              "err": {},
              "uuid": "16996bd7-54e0-41e1-bdfb-f18f1855f7e6",
              "parentUUID": "88fadc22-082a-4c3a-a176-c1006b603669",
              "isHook": false,
              "skipped": false
            },
            {
              "title": "equal check ",
              "fullTitle": "Should check equal check ",
              "timedOut": false,
              "duration": 0,
              "state": "passed",
              "speed": "fast",
              "pass": true,
              "fail": false,
              "pending": false,
              "context": null,
              "code": "userName.should.be.equal(\"Moksh45\")",
              "err": {},
              "uuid": "5e9b741a-069f-4a1f-b6a9-69df4e25323d",
              "parentUUID": "88fadc22-082a-4c3a-a176-c1006b603669",
              "isHook": false,
              "skipped": false
            },
            {
              "title": "lenght check",
              "fullTitle": "Should check lenght check",
              "timedOut": false,
              "duration": 0,
              "state": "passed",
              "speed": "fast",
              "pass": true,
              "fail": false,
              "pending": false,
              "context": null,
              "code": "mylist.should.have.property('item').with.length(1)",
              "err": {},
              "uuid": "7ee353de-2e31-4dd6-b2ca-9be4b1ef1e07",
              "parentUUID": "88fadc22-082a-4c3a-a176-c1006b603669",
              "isHook": false,
              "skipped": false
            }
          ],
          "suites": [],
          "passes": [
            "16996bd7-54e0-41e1-bdfb-f18f1855f7e6",
            "5e9b741a-069f-4a1f-b6a9-69df4e25323d",
            "7ee353de-2e31-4dd6-b2ca-9be4b1ef1e07"
          ],
          "failures": [],
          "pending": [],
          "skipped": [],
          "duration": 1,
          "root": false,
          "rootEmpty": false,
          "_timeout": 2000
        },
        {
          "uuid": "9827b3d8-b225-4a95-8deb-8428175df46f",
          "title": "check expect",
          "fullFile": "/home/moksh/Desktop/Mocha-Chai-Sinon/test/chaiTest.js",
          "file": "/test/chaiTest.js",
          "beforeHooks": [],
          "afterHooks": [],
          "tests": [
            {
              "title": "string match",
              "fullTitle": "check expect string match",
              "timedOut": false,
              "duration": 0,
              "state": "passed",
              "speed": "fast",
              "pass": true,
              "fail": false,
              "pending": false,
              "context": null,
              "code": "expect(userName).to.equal('Moksh45')",
              "err": {},
              "uuid": "67c558ea-4dc3-4e23-b63f-7ea7350a0577",
              "parentUUID": "9827b3d8-b225-4a95-8deb-8428175df46f",
              "isHook": false,
              "skipped": false
            },
            {
              "title": "lenght match",
              "fullTitle": "check expect lenght match",
              "timedOut": false,
              "duration": 1,
              "state": "passed",
              "speed": "fast",
              "pass": true,
              "fail": false,
              "pending": false,
              "context": null,
              "code": "expect(userName).to.lengthOf(7)",
              "err": {},
              "uuid": "417b485f-1d74-4fe3-9789-56788b89ee44",
              "parentUUID": "9827b3d8-b225-4a95-8deb-8428175df46f",
              "isHook": false,
              "skipped": false
            },
            {
              "title": "object lenght",
              "fullTitle": "check expect object lenght",
              "timedOut": false,
              "duration": 0,
              "state": "passed",
              "speed": "fast",
              "pass": true,
              "fail": false,
              "pending": false,
              "context": null,
              "code": "expect(mylist).to.have.property('item').with.lengthOf(1)",
              "err": {},
              "uuid": "acf8f5e4-554e-474a-8fec-930ee82976e9",
              "parentUUID": "9827b3d8-b225-4a95-8deb-8428175df46f",
              "isHook": false,
              "skipped": false
            },
            {
              "title": "api object match",
              "fullTitle": "check expect api object match",
              "timedOut": false,
              "duration": 1,
              "state": "passed",
              "speed": "fast",
              "pass": true,
              "fail": false,
              "pending": false,
              "context": null,
              "code": "expect(mylist).to.have.all.keys('item','title',\"address\")",
              "err": {},
              "uuid": "2db23e91-e5dd-41ab-b2de-e35e3c1e5e9b",
              "parentUUID": "9827b3d8-b225-4a95-8deb-8428175df46f",
              "isHook": false,
              "skipped": false
            },
            {
              "title": "phone no",
              "fullTitle": "check expect phone no",
              "timedOut": false,
              "duration": 1,
              "state": "passed",
              "speed": "fast",
              "pass": true,
              "fail": false,
              "pending": false,
              "context": null,
              "code": "expect(mylist).to.have.nested.property('address.phoneNo[1]')",
              "err": {},
              "uuid": "9fbabca5-3753-4488-8f07-c73d8b86d66d",
              "parentUUID": "9827b3d8-b225-4a95-8deb-8428175df46f",
              "isHook": false,
              "skipped": false
            },
            {
              "title": "check country name",
              "fullTitle": "check expect check country name",
              "timedOut": false,
              "duration": 1,
              "state": "passed",
              "speed": "fast",
              "pass": true,
              "fail": false,
              "pending": false,
              "context": null,
              "code": "expect(mylist).to.have.nested.include({'address.country':'India'})",
              "err": {},
              "uuid": "e75122b3-27e7-4e17-ab38-48ce3d920f75",
              "parentUUID": "9827b3d8-b225-4a95-8deb-8428175df46f",
              "isHook": false,
              "skipped": false
            }
          ],
          "suites": [],
          "passes": [
            "67c558ea-4dc3-4e23-b63f-7ea7350a0577",
            "417b485f-1d74-4fe3-9789-56788b89ee44",
            "acf8f5e4-554e-474a-8fec-930ee82976e9",
            "2db23e91-e5dd-41ab-b2de-e35e3c1e5e9b",
            "9fbabca5-3753-4488-8f07-c73d8b86d66d",
            "e75122b3-27e7-4e17-ab38-48ce3d920f75"
          ],
          "failures": [],
          "pending": [],
          "skipped": [],
          "duration": 4,
          "root": false,
          "rootEmpty": false,
          "_timeout": 2000
        },
        {
          "uuid": "1d27830a-b806-4ed9-9187-c58114570ed2",
          "title": "Heading 1",
          "fullFile": "/home/moksh/Desktop/Mocha-Chai-Sinon/test/hook.js",
          "file": "/test/hook.js",
          "beforeHooks": [],
          "afterHooks": [],
          "tests": [
            {
              "title": "value",
              "fullTitle": "Heading 1 value",
              "timedOut": false,
              "duration": 0,
              "state": "pending",
              "speed": null,
              "pass": false,
              "fail": false,
              "pending": true,
              "context": null,
              "code": "",
              "err": {},
              "uuid": "7130720f-3cdc-4826-80b9-0bcce3b1f296",
              "parentUUID": "1d27830a-b806-4ed9-9187-c58114570ed2",
              "isHook": false,
              "skipped": false
            },
            {
              "title": "value2",
              "fullTitle": "Heading 1 value2",
              "timedOut": false,
              "duration": 0,
              "state": "passed",
              "speed": "fast",
              "pass": true,
              "fail": false,
              "pending": false,
              "context": null,
              "code": "expect(data).to.be.equal('code')",
              "err": {},
              "uuid": "aa620308-eee4-4860-be0e-894d4ffedc78",
              "parentUUID": "1d27830a-b806-4ed9-9187-c58114570ed2",
              "isHook": false,
              "skipped": false
            }
          ],
          "suites": [],
          "passes": [
            "aa620308-eee4-4860-be0e-894d4ffedc78"
          ],
          "failures": [],
          "pending": [
            "7130720f-3cdc-4826-80b9-0bcce3b1f296"
          ],
          "skipped": [],
          "duration": 0,
          "root": false,
          "rootEmpty": false,
          "_timeout": 2000
        },
        {
          "uuid": "778e9b5a-226f-40be-b824-ee565ac5b83c",
          "title": "---------Heading 2-----",
          "fullFile": "/home/moksh/Desktop/Mocha-Chai-Sinon/test/hook.js",
          "file": "/test/hook.js",
          "beforeHooks": [],
          "afterHooks": [],
          "tests": [
            {
              "title": "value",
              "fullTitle": "---------Heading 2----- value",
              "timedOut": false,
              "duration": 0,
              "state": "pending",
              "speed": null,
              "pass": false,
              "fail": false,
              "pending": true,
              "context": null,
              "code": "",
              "err": {},
              "uuid": "97a23307-5841-47e6-a96d-f11039f1c7e0",
              "parentUUID": "778e9b5a-226f-40be-b824-ee565ac5b83c",
              "isHook": false,
              "skipped": false
            }
          ],
          "suites": [],
          "passes": [],
          "failures": [],
          "pending": [
            "97a23307-5841-47e6-a96d-f11039f1c7e0"
          ],
          "skipped": [],
          "duration": 0,
          "root": false,
          "rootEmpty": false,
          "_timeout": 2000
        },
        {
          "uuid": "80f465e0-ffcb-4230-b8a0-fb94b8670b07",
          "title": "----------Mock-----------",
          "fullFile": "/home/moksh/Desktop/Mocha-Chai-Sinon/test/mock.js",
          "file": "/test/mock.js",
          "beforeHooks": [],
          "afterHooks": [],
          "tests": [
            {
              "title": "count function",
              "fullTitle": "----------Mock----------- count function",
              "timedOut": false,
              "duration": 6,
              "state": "passed",
              "speed": "fast",
              "pass": true,
              "fail": false,
              "pending": false,
              "context": null,
              "code": "var mock = sinon.mock(studentobj)\nvar expt = mock.expects('getExternal')\nexpt.exactly(1)\nexpt.withArgs(22)\nstudentobj.finalMarks(22)\nmock.verify()",
              "err": {},
              "uuid": "94593bc9-6822-4e4b-a6bc-2940028a28ca",
              "parentUUID": "80f465e0-ffcb-4230-b8a0-fb94b8670b07",
              "isHook": false,
              "skipped": false
            }
          ],
          "suites": [],
          "passes": [
            "94593bc9-6822-4e4b-a6bc-2940028a28ca"
          ],
          "failures": [],
          "pending": [],
          "skipped": [],
          "duration": 6,
          "root": false,
          "rootEmpty": false,
          "_timeout": 2000
        },
        {
          "uuid": "f38445b6-738d-484f-a5fb-24a9c3471ce0",
          "title": "Nock test suit",
          "fullFile": "/home/moksh/Desktop/Mocha-Chai-Sinon/test/nock.js",
          "file": "/test/nock.js",
          "beforeHooks": [],
          "afterHooks": [],
          "tests": [
            {
              "title": "api test",
              "fullTitle": "Nock test suit api test",
              "timedOut": false,
              "duration": 20,
              "state": "passed",
              "speed": "fast",
              "pass": true,
              "fail": false,
              "pending": false,
              "context": null,
              "code": "var obj = { status: 'ok', statusCode: 200, data: [] };\nconst api = nock('https://api.publicapis.org')\n    .get('/entries')\n    .reply(200, obj);\nstdClass.thirdPartyAPI()\n    .then(function (record) {\n        expect(record).to.be.eql(obj);\n        done(); // Call done here to signal that the test is complete\n    })\n    .catch(error => {\n        done(new Error('Error ' + error)); // Fix the error message format and call done with an error\n    });",
              "err": {},
              "uuid": "07dfdfaf-5dfc-452f-9ed8-508f54d1ea08",
              "parentUUID": "f38445b6-738d-484f-a5fb-24a9c3471ce0",
              "isHook": false,
              "skipped": false
            }
          ],
          "suites": [],
          "passes": [
            "07dfdfaf-5dfc-452f-9ed8-508f54d1ea08"
          ],
          "failures": [],
          "pending": [],
          "skipped": [],
          "duration": 20,
          "root": false,
          "rootEmpty": false,
          "_timeout": 2000
        },
        {
          "uuid": "bb319bbf-e31c-429e-a277-aa985250e023",
          "title": "----------Promise-----------",
          "fullFile": "/home/moksh/Desktop/Mocha-Chai-Sinon/test/promise.js",
          "file": "/test/promise.js",
          "beforeHooks": [],
          "afterHooks": [],
          "tests": [
            {
              "title": "Normal value function",
              "fullTitle": "----------Promise----------- Normal value function",
              "timedOut": false,
              "duration": 12,
              "state": "passed",
              "speed": "fast",
              "pass": true,
              "fail": false,
              "pending": false,
              "context": null,
              "code": "studentobj.dbData().then((result) => {\n    expect(result).to.be.equal(10);\n    done()\n});",
              "err": {},
              "uuid": "d502e5cb-5102-4a31-b790-2b92230f4b99",
              "parentUUID": "bb319bbf-e31c-429e-a277-aa985250e023",
              "isHook": false,
              "skipped": false
            },
            {
              "title": "chai promised value function",
              "fullTitle": "----------Promise----------- chai promised value function",
              "timedOut": false,
              "duration": 12,
              "state": "passed",
              "speed": "fast",
              "pass": true,
              "fail": false,
              "pending": false,
              "context": null,
              "code": "this.timeout(0)\nreturn expect(studentobj.dbData()).to.eventually.equal(10);",
              "err": {},
              "uuid": "714d8f9a-93a2-47dc-b075-eee124653ac3",
              "parentUUID": "bb319bbf-e31c-429e-a277-aa985250e023",
              "isHook": false,
              "skipped": false
            },
            {
              "title": "opt",
              "fullTitle": "----------Promise----------- opt",
              "timedOut": false,
              "duration": 0,
              "state": "passed",
              "speed": "fast",
              "pass": true,
              "fail": false,
              "pending": false,
              "context": null,
              "code": "this.timeout(0);\nreturn expect( userctrl.newData()).to.eventually.have.deep.property('otp')",
              "err": {},
              "uuid": "9b27b8a0-06fc-4c87-bdb4-d9f9f5570c8b",
              "parentUUID": "bb319bbf-e31c-429e-a277-aa985250e023",
              "isHook": false,
              "skipped": false
            }
          ],
          "suites": [],
          "passes": [
            "d502e5cb-5102-4a31-b790-2b92230f4b99",
            "714d8f9a-93a2-47dc-b075-eee124653ac3",
            "9b27b8a0-06fc-4c87-bdb4-d9f9f5570c8b"
          ],
          "failures": [],
          "pending": [],
          "skipped": [],
          "duration": 24,
          "root": false,
          "rootEmpty": false,
          "_timeout": 2000
        },
        {
          "uuid": "9e8427d1-f6c6-486c-8999-edfa8da685fc",
          "title": "Spay ",
          "fullFile": "/home/moksh/Desktop/Mocha-Chai-Sinon/test/spay.js",
          "file": "/test/spay.js",
          "beforeHooks": [],
          "afterHooks": [],
          "tests": [
            {
              "title": "test user function",
              "fullTitle": "Spay  test user function",
              "timedOut": false,
              "duration": 0,
              "state": "passed",
              "speed": "fast",
              "pass": true,
              "fail": false,
              "pending": false,
              "context": null,
              "code": "expect(studentobj.userId()).to.be.equal(12)",
              "err": {},
              "uuid": "0885998e-eb11-4461-9d47-99f8add35206",
              "parentUUID": "9e8427d1-f6c6-486c-8999-edfa8da685fc",
              "isHook": false,
              "skipped": false
            },
            {
              "title": "function count",
              "fullTitle": "Spay  function count",
              "timedOut": false,
              "duration": 1,
              "state": "passed",
              "speed": "fast",
              "pass": true,
              "fail": false,
              "pending": false,
              "context": null,
              "code": "var spyObj = sinon.spy(studentobj , 'getInfo')\nstudentobj.home(5)\nexpect(spyObj.calledOnce).to.be.true",
              "err": {},
              "uuid": "105317ec-0eb0-437d-8f06-b2db4d081d0b",
              "parentUUID": "9e8427d1-f6c6-486c-8999-edfa8da685fc",
              "isHook": false,
              "skipped": false
            }
          ],
          "suites": [],
          "passes": [
            "0885998e-eb11-4461-9d47-99f8add35206",
            "105317ec-0eb0-437d-8f06-b2db4d081d0b"
          ],
          "failures": [],
          "pending": [],
          "skipped": [],
          "duration": 1,
          "root": false,
          "rootEmpty": false,
          "_timeout": 2000
        },
        {
          "uuid": "1ae4595a-5fbe-461b-8ebe-aefd10811598",
          "title": "----------stub-----------",
          "fullFile": "/home/moksh/Desktop/Mocha-Chai-Sinon/test/stub.js",
          "file": "/test/stub.js",
          "beforeHooks": [],
          "afterHooks": [],
          "tests": [
            {
              "title": "test user function",
              "fullTitle": "----------stub----------- test user function",
              "timedOut": false,
              "duration": 2,
              "state": "passed",
              "speed": "fast",
              "pass": true,
              "fail": false,
              "pending": false,
              "context": null,
              "code": "var stubobj = sinon.stub(studentobj, 'getExternal')\nstubobj.withArgs(40).returns(5)\nexpect(studentobj.finalMarks(40)).to.be.equal(54)",
              "err": {},
              "uuid": "39be452a-1ccc-4e7a-bf66-89a0799ae975",
              "parentUUID": "1ae4595a-5fbe-461b-8ebe-aefd10811598",
              "isHook": false,
              "skipped": false
            }
          ],
          "suites": [],
          "passes": [
            "39be452a-1ccc-4e7a-bf66-89a0799ae975"
          ],
          "failures": [],
          "pending": [],
          "skipped": [],
          "duration": 2,
          "root": false,
          "rootEmpty": false,
          "_timeout": 2000
        },
        {
          "uuid": "32c95294-a7f6-47e0-b4cc-62af50512482",
          "title": "Array",
          "fullFile": "/home/moksh/Desktop/Mocha-Chai-Sinon/test/test.js",
          "file": "/test/test.js",
          "beforeHooks": [],
          "afterHooks": [],
          "tests": [],
          "suites": [
            {
              "uuid": "411a895a-f70f-4b37-85a8-8394fae9e8d2",
              "title": "#indexOf()",
              "fullFile": "/home/moksh/Desktop/Mocha-Chai-Sinon/test/test.js",
              "file": "/test/test.js",
              "beforeHooks": [],
              "afterHooks": [],
              "tests": [
                {
                  "title": "should return -1 when the value is not present",
                  "fullTitle": "Array #indexOf() should return -1 when the value is not present",
                  "timedOut": false,
                  "duration": 1,
                  "state": "passed",
                  "speed": "fast",
                  "pass": true,
                  "fail": false,
                  "pending": false,
                  "context": null,
                  "code": "assert.equal([1, 2, 3].indexOf(4), -1);",
                  "err": {},
                  "uuid": "817650b7-b316-4116-9f1e-5af3001f165e",
                  "parentUUID": "411a895a-f70f-4b37-85a8-8394fae9e8d2",
                  "isHook": false,
                  "skipped": false
                }
              ],
              "suites": [],
              "passes": [
                "817650b7-b316-4116-9f1e-5af3001f165e"
              ],
              "failures": [],
              "pending": [],
              "skipped": [],
              "duration": 1,
              "root": false,
              "rootEmpty": false,
              "_timeout": 2000
            },
            {
              "uuid": "e1ff444a-6fb5-406a-ac98-53892dfc29e5",
              "title": "my first test case",
              "fullFile": "/home/moksh/Desktop/Mocha-Chai-Sinon/test/test.js",
              "file": "/test/test.js",
              "beforeHooks": [],
              "afterHooks": [],
              "tests": [
                {
                  "title": "value check",
                  "fullTitle": "Array my first test case value check",
                  "timedOut": false,
                  "duration": 0,
                  "state": "passed",
                  "speed": "fast",
                  "pass": true,
                  "fail": false,
                  "pending": false,
                  "context": null,
                  "code": "assert.equal([1, 2, 3].indexOf(2), 1)",
                  "err": {},
                  "uuid": "c79a9993-a0d2-4931-8b54-d302a16eb164",
                  "parentUUID": "e1ff444a-6fb5-406a-ac98-53892dfc29e5",
                  "isHook": false,
                  "skipped": false
                }
              ],
              "suites": [],
              "passes": [
                "c79a9993-a0d2-4931-8b54-d302a16eb164"
              ],
              "failures": [],
              "pending": [],
              "skipped": [],
              "duration": 0,
              "root": false,
              "rootEmpty": false,
              "_timeout": 2000
            }
          ],
          "passes": [],
          "failures": [],
          "pending": [],
          "skipped": [],
          "duration": 0,
          "root": false,
          "rootEmpty": false,
          "_timeout": 2000
        }
      ],
      "passes": [],
      "failures": [],
      "pending": [],
      "skipped": [],
      "duration": 0,
      "root": true,
      "rootEmpty": true,
      "_timeout": 2000
    }
  ],
  "meta": {
    "mocha": {
      "version": "10.2.0"
    },
    "mochawesome": {
      "options": {
        "quiet": false,
        "reportFilename": "mochawesome",
        "saveHtml": true,
        "saveJson": true,
        "consoleReporter": "spec",
        "useInlineDiffs": false,
        "code": true
      },
      "version": "7.1.3"
    },
    "marge": {
      "options": null,
      "version": "6.2.0"
    }
  }
}